this is a huffman test. huffman coding compresses repeated characters.
There's a distance between us
我们之间有一段距离
It's getting hard to reach out
越来越难以触及
Haven't seen you in seasons
已经很久没有见到你
For all I hear is your voice
耳边只有你的声音
I know my limits
我知道自己的极限
You can break me down but
你可以击垮我，但
I'll stay till the finish line
我会坚持到终点
'Cause I've been counting minutes
因为我一直在数着每一分钟
For quite some time now
已经有一段时间了
Just to see you again
只为再次见到你
And I've been counting days
我一直在数着日子
To get away
为了逃离
To see you again see you again
为了再次见到你 再次见到你
Been finding ways
一直在寻找方法
To get away
为了逃离
To see you again see you again
为了再次见到你 再次见到你
To see you again
再次见到你
To see you again
再次见到你
We've got millions of reasons
我们有无数个理由
To let it all go
让一切随风而去
Hope we're not too broken
希望我们还未破碎不堪
I know I'm not always strong
我知道我并不总是坚强
And I've been counting days
我一直在数着日子
To get away
为了逃离
To see you again see you again
为了再次见到你 再次见到你
Been finding ways
一直在寻找方法
To get away
为了逃离
To see you again see you again
为了再次见到你 再次见到你
To see you again
再次见到你
To see you again
再次见到你
To see you again
再次见到你
To see you again
再次见到你